<?xml version="1.0" encoding="UTF-8"?>
<testsuite xmlns:xsi="http://www.w3.org/2001/XMLSchema-instance" xsi:noNamespaceSchemaLocation="https://maven.apache.org/surefire/maven-surefire-plugin/xsd/surefire-test-report.xsd" version="3.0.2" name="blank.RunCucumberTest" time="14.354" tests="1" errors="0" skipped="0" failures="0">
  <properties>
[...]
</properties>
  <testcase name="Hipertextual - Search for search Term" classname="Hipertextual" time="14.278">
    <system-out><![CDATA[
Scenario: Search for search Term                            &amp#27;[90m# blank/example.feature:3&amp#27;[0m
  &amp#27;[32mGiven &amp#27;[0m&amp#27;[32mUser navigate to &amp#27;[0m&amp#27;[32m&amp#27;[1m"https://hipertextual.com"&amp#27;[0m         &amp#27;[90m# blank.StepDefinitions.userNavigateTo(java.lang.String)&amp#27;[0m
  &amp#27;[32mWhen &amp#27;[0m&amp#27;[32mUser search for &amp#27;[0m&amp#27;[32m&amp#27;[1m"Steve Jobs"&amp#27;[0m                         &amp#27;[90m# blank.StepDefinitions.userSearchFor(java.lang.String)&amp#27;[0m
  &amp#27;[32mAnd &amp#27;[0m&amp#27;[32mUser Scrolls down to the first post about &amp#27;[0m&amp#27;[32m&amp#27;[1m"Reed Jobs"&amp#27;[0m &amp#27;[90m# blank.StepDefinitions.userScrollsDownToTheFirstPostAbout(java.lang.String)&amp#27;[0m
  &amp#27;[32mThen &amp#27;[0m&amp#27;[32mUser validates that the URL contains the search term&amp#27;[0m &amp#27;[90m# blank.StepDefinitions.userValidatesThatTheURLContainsTheSearchTerm()&amp#27;[0m
  &amp#27;[32mAnd &amp#27;[0m&amp#27;[32mUser click on post&amp#27;[0m                                    &amp#27;[90m# blank.StepDefinitions.userClickOnPost()&amp#27;[0m
  &amp#27;[32mThen &amp#27;[0m&amp#27;[32mUser can subscribe to the news letter&amp#27;[0m                &amp#27;[90m# blank.StepDefinitions.userCanSubscribeToTheNewsLetter()&amp#27;[0m
]]></system-out>
  </testcase>
</testsuite>